This is pdfTeX, Version 3.14159265-2.6-1.40.16 (MiKTeX 2.9) (preloaded format=pdflatex 2015.10.8)  10 DEC 2016 12:31
entering extended mode
**spr_titlepage.tex
(spr_titlepage.tex
LaTeX2e <2015/01/01> patch level 2
Babel <3.9m> and hyphenation patterns for 69 languages loaded.

! LaTeX Error: Environment titlepage undefined.

See the LaTeX manual or LaTeX Companion for explanation.
Type  H <return>  for immediate help.
 ...                                              
                                                  
l.1 \begin{titlepage}
                     
Your command was ignored.
Type  I <command> <return>  to replace it with another command,
or  <return>  to continue without it.


! LaTeX Error: Missing \begin{document}.

See the LaTeX manual or LaTeX Companion for explanation.
Type  H <return>  for immediate help.
 ...                                              
                                                  
l.6 \center
           
You're in trouble here.  Try typing  <return>  to proceed.
If that doesn't work, type  X <return>  to quit.


Overfull \hbox (20.0pt too wide) in paragraph at lines 6--6
[] 
 []

! Undefined control sequence.
l.13 \includegraphics
                     [width=6cm]{../res/img/logo.png}\\[1cm]
The control sequence at the end of the top line
of your error message was never \def'ed. If you have
misspelled it (e.g., `\hobx'), type `I' and the correct
spelling (e.g., `I\hbox'). Otherwise just continue,
and I'll forget about whatever was undefined.

Missing character: There is no [ in font nullfont!
Missing character: There is no w in font nullfont!
Missing character: There is no i in font nullfont!
Missing character: There is no d in font nullfont!
Missing character: There is no t in font nullfont!
Missing character: There is no h in font nullfont!
Missing character: There is no = in font nullfont!
Missing character: There is no 6 in font nullfont!
Missing character: There is no c in font nullfont!
Missing character: There is no m in font nullfont!
Missing character: There is no ] in font nullfont!
Missing character: There is no . in font nullfont!
Missing character: There is no . in font nullfont!
Missing character: There is no / in font nullfont!
Missing character: There is no r in font nullfont!
Missing character: There is no e in font nullfont!
Missing character: There is no s in font nullfont!
Missing character: There is no / in font nullfont!
Missing character: There is no i in font nullfont!
Missing character: There is no m in font nullfont!
Missing character: There is no g in font nullfont!
Missing character: There is no / in font nullfont!
Missing character: There is no l in font nullfont!
Missing character: There is no o in font nullfont!
Missing character: There is no g in font nullfont!
Missing character: There is no o in font nullfont!
Missing character: There is no . in font nullfont!
Missing character: There is no p in font nullfont!
Missing character: There is no n in font nullfont!
Missing character: There is no g in font nullfont!
! Undefined control sequence.
<recently read> \LARGE 
                       
l.23 im. Stanis≈Çawa Staszica w Krakowie}
                                         \\[1.5cm]
The control sequence at the end of the top line
of your error message was never \def'ed. If you have
misspelled it (e.g., `\hobx'), type `I' and the correct
spelling (e.g., `I\hbox'). Otherwise just continue,
and I'll forget about whatever was undefined.

Missing character: There is no √ in font cmcsc10!
Missing character: There is no ≥ in font cmcsc10!

Overfull \hbox (49.07198pt too wide) in paragraph at lines 23--23
 []\OT1/cmr/m/sc/10 Akademia 
 []


Overfull \hbox (44.75807pt too wide) in paragraph at lines 23--23
 \OT1/cmr/m/sc/10 Grniczo- 
 []


Overfull \hbox (46.4053pt too wide) in paragraph at lines 23--23
 \OT1/cmr/m/sc/10 Hutnicza 
 []

Missing character: There is no ≈ in font cmcsc10!
Missing character: There is no Ç in font cmcsc10!

Overfull \hbox (13.68323pt too wide) in paragraph at lines 23--23
 []\OT1/cmr/m/sc/10 im. 
 []


Overfull \hbox (30.422pt too wide) in paragraph at lines 23--23
 \OT1/cmr/m/sc/10 Stani- 
 []


Overfull \hbox (23.42215pt too wide) in paragraph at lines 23--23
 \OT1/cmr/m/sc/10 sawa 
 []


Overfull \hbox (30.86644pt too wide) in paragraph at lines 23--23
 \OT1/cmr/m/sc/10 Stasz- 
 []


Overfull \hbox (15.06659pt too wide) in paragraph at lines 23--23
 \OT1/cmr/m/sc/10 ica 
 []


Overfull \hbox (8.35553pt too wide) in paragraph at lines 23--23
 \OT1/cmr/m/sc/10 w 
 []


Overfull \hbox (49.80807pt too wide) in paragraph at lines 23--23
 \OT1/cmr/m/sc/10 Krakowie 
 []

! Undefined control sequence.
<recently read> \Large 
                       
l.26 \textsc{\Large Laboratorium problemowe II}
                                               \\[0.5cm]
The control sequence at the end of the top line
of your error message was never \def'ed. If you have
misspelled it (e.g., `\hobx'), type `I' and the correct
spelling (e.g., `I\hbox'). Otherwise just continue,
and I'll forget about whatever was undefined.


Overfull \hbox (71.52188pt too wide) in paragraph at lines 26--26
 []\OT1/cmr/m/sc/10 Laboratorium 
 []


Overfull \hbox (27.31097pt too wide) in paragraph at lines 26--26
 \OT1/cmr/m/sc/10 prob- 
 []


Overfull \hbox (14.48878pt too wide) in paragraph at lines 26--26
 \OT1/cmr/m/sc/10 le- 
 []


Overfull \hbox (27.5332pt too wide) in paragraph at lines 26--26
 \OT1/cmr/m/sc/10 mowe 
 []


Overfull \hbox (8.40266pt too wide) in paragraph at lines 26--26
 \OT1/cmr/m/sc/10 II 
 []

! Undefined control sequence.
l.34 { \huge
             \bfseries Magnetyczna lewitacja}\\[0.3cm]
The control sequence at the end of the top line
of your error message was never \def'ed. If you have
misspelled it (e.g., `\hobx'), type `I' and the correct
spelling (e.g., `I\hbox'). Otherwise just continue,
and I'll forget about whatever was undefined.


Overfull \hbox (66.33989pt too wide) in paragraph at lines 34--34
 []\OT1/cmr/bx/n/10 Magnetyczna 
 []


Overfull \hbox (12.29855pt too wide) in paragraph at lines 34--34
 \OT1/cmr/bx/n/10 le- 
 []


Overfull \hbox (35.77754pt too wide) in paragraph at lines 34--34
 \OT1/cmr/bx/n/10 witacja 
 []

! Undefined control sequence.
l.39 \Large
            \emph{Autorzy:}\\
The control sequence at the end of the top line
of your error message was never \def'ed. If you have
misspelled it (e.g., `\hobx'), type `I' and the correct
spelling (e.g., `I\hbox'). Otherwise just continue,
and I'll forget about whatever was undefined.


Overfull \hbox (37.78723pt too wide) in paragraph at lines 39--39
 \OT1/cmr/m/it/10 Autorzy:
 []

Missing character: There is no P in font nullfont!
Missing character: There is no i in font nullfont!
Missing character: There is no o in font nullfont!
Missing character: There is no t in font nullfont!
Missing character: There is no r in font nullfont!
Missing character: There is no ≈ in font cmcsc10!
Missing character: There is no Ç in font cmcsc10!

Overfull \hbox (34.09702pt too wide) in paragraph at lines 40--40
 \OT1/cmr/m/sc/10 Paucki
 []

Missing character: There is no F in font nullfont!
Missing character: There is no i in font nullfont!
Missing character: There is no l in font nullfont!
Missing character: There is no i in font nullfont!
Missing character: There is no p in font nullfont!

Overfull \hbox (18.34154pt too wide) in paragraph at lines 41--41
 \OT1/cmr/m/sc/10 Ku-
 []


Overfull \hbox (19.75546pt too wide) in paragraph at lines 41--41
 \OT1/cmr/m/sc/10 bicz
 []

Missing character: There is no 1 in font nullfont!
Missing character: There is no 0 in font nullfont!
Missing character: There is no X in font nullfont!
Missing character: There is no 2 in font nullfont!
Missing character: There is no 0 in font nullfont!
Missing character: There is no 1 in font nullfont!
Missing character: There is no 6 in font nullfont!
Missing character: There is no - in font nullfont!
Missing character: There is no 1 in font nullfont!
Missing character: There is no 2 in font nullfont!
Missing character: There is no X in font nullfont!
Missing character: There is no I in font nullfont!
Missing character: There is no I in font nullfont!
Missing character: There is no 2 in font nullfont!
Missing character: There is no 0 in font nullfont!
Missing character: There is no 1 in font nullfont!
Missing character: There is no 6 in font nullfont!

! LaTeX Error: \begin{document} ended by \end{titlepage}.

See the LaTeX manual or LaTeX Companion for explanation.
Type  H <return>  for immediate help.
 ...                                              
                                                  
l.54 \end{titlepage}
                    
Your command was ignored.
Type  I <command> <return>  to replace it with another command,
or  <return>  to continue without it.

)
! Emergency stop.
<*> spr_titlepage.tex
                     
*** (job aborted, no legal \end found)

 
Here is how much of TeX's memory you used:
 18 strings out of 493673
 221 string characters out of 3141530
 53455 words of memory out of 3000000
 3463 multiletter control sequences out of 15000+200000
 4595 words of font info for 17 fonts, out of 3000000 for 9000
 1025 hyphenation exceptions out of 8191
 14i,1n,10p,110b,113s stack positions out of 5000i,500n,10000p,200000b,50000s
!  ==> Fatal error occurred, no output PDF file produced!
